\BOOKMARK [0][-]{chapter.1}{Introduction}{}% 1
\BOOKMARK [0][-]{chapter.2}{Background and Related Work}{}% 2
\BOOKMARK [1][-]{section.2.1}{Cloud Computing}{chapter.2}% 3
\BOOKMARK [2][-]{subsection.2.1.1}{Definition}{section.2.1}% 4
\BOOKMARK [2][-]{subsection.2.1.2}{Service Models}{section.2.1}% 5
\BOOKMARK [1][-]{section.2.2}{Cloud Related Technologies}{chapter.2}% 6
\BOOKMARK [2][-]{subsection.2.2.1}{Cloud Marketplaces}{section.2.2}% 7
\BOOKMARK [3][-]{subsubsection.2.2.1.1}{Oracle Marketplace}{subsection.2.2.1}% 8
\BOOKMARK [3][-]{subsubsection.2.2.1.2}{IBM Marketplace}{subsection.2.2.1}% 9
\BOOKMARK [3][-]{subsubsection.2.2.1.3}{Rackspace}{subsection.2.2.1}% 10
\BOOKMARK [3][-]{subsubsection.2.2.1.4}{Rightscale}{subsection.2.2.1}% 11
\BOOKMARK [1][-]{section.2.3}{Search Criteria}{chapter.2}% 12
\BOOKMARK [2][-]{subsection.2.3.1}{Check24}{section.2.3}% 13
\BOOKMARK [2][-]{subsection.2.3.2}{Geizhals}{section.2.3}% 14
\BOOKMARK [0][-]{chapter.3}{Concept and Design}{}% 15
\BOOKMARK [0][-]{chapter.4}{Implementation}{}% 16
\BOOKMARK [0][-]{chapter.5}{Evaluation}{}% 17
\BOOKMARK [0][-]{chapter.6}{Conclusion}{}% 18
\BOOKMARK [0][-]{chapter*.5}{List of Tables}{}% 19
\BOOKMARK [0][-]{chapter*.6}{List of Figures}{}% 20
\BOOKMARK [0][-]{chapter*.6}{Bibliography}{}% 21
\BOOKMARK [0][-]{chapter*.7}{Bibliography}{}% 22
\BOOKMARK [0][-]{section*.8}{Appendices}{}% 23
\BOOKMARK [0][-]{Appendix*.9}{Appendix 1}{}% 24
